<?xml version="1.0" encoding="UTF-8"?>
<!-- Generated by org.testng.reporters.JUnitReportReporter -->
<testsuite skipped="0" hostname="Sony-PC" name="script.VerifyInvalidLogin" tests="1" failures="0" timestamp="21 Mar 2017 01:46:43 GMT" time="11.946" errors="0">
  <testcase name="testVerifyInvalidLogin" time="11.946" classname="script.VerifyInvalidLogin"/>
</testsuite> <!-- script.VerifyInvalidLogin -->
