<?xml version="1.0" encoding="UTF-8"?>
<!-- Generated by org.testng.reporters.JUnitReportReporter -->
<testsuite skipped="0" hostname="Sony-PC" name="script.VerifyVersion" tests="1" failures="0" timestamp="21 Mar 2017 01:46:43 GMT" time="6.126" errors="0">
  <testcase name="testVerifyVersion" time="6.126" classname="script.VerifyVersion"/>
</testsuite> <!-- script.VerifyVersion -->
