<?xml version="1.0" encoding="UTF-8"?>
<!-- Generated by org.testng.reporters.JUnitReportReporter -->
<testsuite skipped="0" hostname="Sony-PC" name="script.VerifyLoginPage" tests="1" failures="0" timestamp="21 Mar 2017 01:46:43 GMT" time="16.227" errors="0">
  <testcase name="testVerifyLoginPage" time="16.227" classname="script.VerifyLoginPage"/>
</testsuite> <!-- script.VerifyLoginPage -->
