<?xml version="1.0" encoding="UTF-8"?>
<!-- Generated by org.testng.reporters.JUnitReportReporter -->
<testsuite skipped="0" hostname="Sony-PC" name="script.VerifyLoginLogout" tests="1" failures="0" timestamp="21 Mar 2017 01:46:43 GMT" time="44.943" errors="0">
  <testcase name="testVerifyLoginLogout" time="44.943" classname="script.VerifyLoginLogout"/>
</testsuite> <!-- script.VerifyLoginLogout -->
